<?xml version="1.0" encoding="UTF-8"?>
<!-- Generated by org.testng.reporters.JUnitReportReporter -->
<testsuite hostname="DESKTOP-R86KN5M" failures="0" tests="1" name="TCs.LoginTest" time="10.396" errors="0" timestamp="2020-11-09T08:14:59 EET" skipped="0">
  <testcase classname="TCs.LoginTest" name="loginTest" time="10.396"/>
  <system-out/>
</testsuite> <!-- TCs.LoginTest -->
